This is pdfeTeX, Version 3.141592-1.30.4-2.2 (Web2C 7.5.5) (format=latex 2006.11.9)  6 DEC 2012 11:26
entering extended mode
**./images.tex
(./images.tex
LaTeX2e <2005/12/01>
Babel <v3.8d> and hyphenation patterns for american, french, german, ngerman, b
ahasa, basque, bulgarian, catalan, croatian, czech, danish, dutch, esperanto, e
stonian, finnish, greek, icelandic, irish, italian, latin, magyar, norsk, polis
h, portuges, romanian, russian, serbian, slovak, slovene, spanish, swedish, tur
kish, ukrainian, nohyphenation, loaded.

(/usr/local/teTeX/share/texmf.local/tex/latex/base/article.cls
Document Class: article 2005/09/16 v1.4f Standard LaTeX document class
(/usr/local/teTeX/share/texmf.local/tex/latex/base/size10.clo
File: size10.clo 2005/09/16 v1.4f Standard LaTeX file (size option)
)
\c@part=\count79
\c@section=\count80
\c@subsection=\count81
\c@subsubsection=\count82
\c@paragraph=\count83
\c@subparagraph=\count84
\c@figure=\count85
\c@table=\count86
\abovecaptionskip=\skip41
\belowcaptionskip=\skip42
\bibindent=\dimen102
) (/usr/local/teTeX/share/texmf.local/tex/latex/base/ifthen.sty
Package: ifthen 2001/05/26 v1.1c Standard LaTeX ifthen package (DPC)
) (/usr/local/teTeX/share/texmf.local/tex/latex/graphics/epsfig.sty
Package: epsfig 1999/02/16 v1.7a (e)psfig emulation (SPQR)
(/usr/local/teTeX/share/texmf.local/tex/latex/graphics/graphicx.sty
Package: graphicx 1999/02/16 v1.0f Enhanced LaTeX Graphics (DPC,SPQR)
(/usr/local/teTeX/share/texmf.local/tex/latex/graphics/keyval.sty
Package: keyval 1999/03/16 v1.13 key=value parser (DPC)
\KV@toks@=\toks14
) (/usr/local/teTeX/share/texmf.local/tex/latex/graphics/graphics.sty
Package: graphics 2006/02/20 v1.0o Standard LaTeX Graphics (DPC,SPQR)
(/usr/local/teTeX/share/texmf.local/tex/latex/graphics/trig.sty
Package: trig 1999/03/16 v1.09 sin cos tan (DPC)
) (/usr/local/teTeX/share/texmf.tetex/tex/latex/graphics/graphics.cfg
File: graphics.cfg 2005/02/03 v1.3 graphics configuration of teTeX/TeXLive
)
Package graphics Info: Driver file: dvips.def on input line 90.
(/usr/local/teTeX/share/texmf.local/tex/latex/graphics/dvips.def
File: dvips.def 1999/02/16 v3.0i Driver-dependant file (DPC,SPQR)
))
\Gin@req@height=\dimen103
\Gin@req@width=\dimen104
)
\epsfxsize=\dimen105
\epsfysize=\dimen106
) (/usr/local/teTeX/share/texmf.tetex/tex/latex/eepic/epic.sty
Enhancements to Picture Environment. Version 1.2 - Released June 1, 1986
\@@multicnt=\count87
\d@lta=\count88
\@delta=\dimen107
\@@delta=\dimen108
\@gridcnt=\count89
\@joinkind=\count90
\@dotgap=\dimen109
\@ddotgap=\dimen110
\@x@diff=\count91
\@y@diff=\count92
\x@diff=\dimen111
\y@diff=\dimen112
\@dotbox=\box26
\num@segments=\count93
\num@segmentsi=\count94
\@datafile=\read1
) (/usr/local/teTeX/share/texmf.tetex/tex/latex/eepic/eepic.sty
Extension to Epic and LaTeX. Version 1.1e - Released Dec 21, 1999
\@gphlinewidth=\count95
\@eepictcnt=\count96
\@tempdimc=\dimen113
\maxovaldiam=\dimen114
\@filltype=\box27
) (/usr/local/teTeX/share/texmf.tetex/tex/latex/amsfonts/amssymb.sty
Package: amssymb 2002/01/22 v2.2d
(/usr/local/teTeX/share/texmf.tetex/tex/latex/amsfonts/amsfonts.sty
Package: amsfonts 2001/10/25 v2.2f
\@emptytoks=\toks15
\symAMSa=\mathgroup4
\symAMSb=\mathgroup5
LaTeX Font Info:    Overwriting math alphabet `\mathfrak' in version `bold'
(Font)                  U/euf/m/n --> U/euf/b/n on input line 132.
)) (/usr/local/teTeX/share/texmf.tetex/tex/latex/version/version.sty) (/usr/loc
al/teTeX/share/texmf.tetex/tex/generic/babel/babel.sty
Package: babel 2004/11/20 v3.8d The Babel package
(/usr/local/teTeX/share/texmf.tetex/tex/generic/babel/frenchb.ldf
Language: french 2004/04/02 v1.6f French support from the babel system
(/usr/local/teTeX/share/texmf.tetex/tex/generic/babel/babel.def
File: babel.def 2004/11/20 v3.8d Babel common definitions
\babel@savecnt=\count97
\U@D=\dimen115
)
Package babel Info: Making : an active character on input line 219.
Package babel Info: Making ; an active character on input line 220.
Package babel Info: Making ! an active character on input line 221.
Package babel Info: Making ? an active character on input line 222.
LaTeX Font Info:    Redeclaring font encoding T1 on input line 299.
\parindentFFN=\dimen116
\std@mcc=\count98
\dec@mcc=\count99
*************************************
* Local config file frenchb.cfg used
*
(/usr/local/teTeX/share/texmf.tetex/tex/generic/babel/frenchb.cfg))) (/usr/loca
l/teTeX/share/texmf.local/tex/latex/base/inputenc.sty
Package: inputenc 2006/03/04 v1.1b Input encoding file
\inpenc@prehook=\toks16
\inpenc@posthook=\toks17
(/usr/local/teTeX/share/texmf.local/tex/latex/base/latin1.def
File: latin1.def 2006/03/04 v1.1b Input encoding file
)) (/usr/local/teTeX/share/texmf.tetex/tex/latex/moreverb/moreverb.sty
Package: moreverb 1997/12/07 v2.2d.2 `more' verbatim facilities
(/usr/local/teTeX/share/texmf.local/tex/latex/tools/verbatim.sty
Package: verbatim 2003/08/22 v1.5q LaTeX2e package for verbatim enhancements
\every@verbatim=\toks18
\verbatim@line=\toks19
\verbatim@in@stream=\read2
)
\verbatim@out=\write3
\tab@position=\count100
\tab@size=\count101
\listing@line=\count102
) (/usr/local/teTeX/share/texmf.tetex/tex/latex/listings/listings.sty
\lst@mode=\count103
\lst@gtempboxa=\box28
\lst@token=\toks20
\lst@length=\count104
\lst@currlwidth=\dimen117
\lst@column=\count105
\lst@pos=\count106
\lst@lostspace=\dimen118
\lst@width=\dimen119
\lst@newlines=\count107
\lst@lineno=\count108
\c@lstlisting=\count109
\lst@maxwidth=\dimen120
(/usr/local/teTeX/share/texmf.tetex/tex/latex/listings/lstpatch.sty
File: lstpatch.sty 2004/10/17 1.3b (Carsten Heinz)
) (/usr/local/teTeX/share/texmf.tetex/tex/latex/listings/lstmisc.sty
File: lstmisc.sty 2004/09/07 1.3 (Carsten Heinz)
\c@lstnumber=\count110
\lst@skipnumbers=\count111
\lst@framebox=\box29
) (/usr/local/teTeX/share/texmf.tetex/tex/latex/listings/listings.cfg
File: listings.cfg 2004/09/05 1.3 listings configuration
))
Package: listings 2004/10/17 1.3b (Carsten Heinz)
(/usr/local/teTeX/share/texmf.tetex/tex/latex/listings/lstlang1.sty
File: lstlang1.sty 2004/09/05 1.3 listings language file
) (/usr/local/teTeX/share/texmf.tetex/tex/latex/listings/lstlang2.sty
File: lstlang2.sty 2004/09/05 1.3 listings language file
) (/usr/local/teTeX/share/texmf.tetex/tex/latex/listings/lstmisc.sty
File: lstmisc.sty 2004/09/07 1.3 (Carsten Heinz)
)
\c@theorem=\count112
(/usr/local/teTeX/share/texmf.local/tex/latex/graphics/color.sty
Package: color 2005/11/14 v1.0j Standard LaTeX Color (DPC)
(/usr/local/teTeX/share/texmf.tetex/tex/latex/graphics/color.cfg
File: color.cfg 2005/02/03 v1.3 color configuration of teTeX/TeXLive
)
Package color Info: Driver file: dvips.def on input line 130.
(/usr/local/teTeX/share/texmf.local/tex/latex/graphics/dvipsnam.def
File: dvipsnam.def 1999/02/16 v3.0i Driver-dependant file (DPC,SPQR)
))
\sizebox=\box30
\lthtmlwrite=\write4
(./images.aux)
\openout1 = `images.aux'.

LaTeX Font Info:    Checking defaults for OML/cmm/m/it on input line 119.
LaTeX Font Info:    ... okay on input line 119.
LaTeX Font Info:    Checking defaults for T1/lmr/m/n on input line 119.
LaTeX Font Info:    Try loading font information for T1+lmr on input line 119.
(/usr/local/teTeX/share/texmf.tetex/tex/latex/lm/t1lmr.fd
File: t1lmr.fd 2005/08/29 v1.2 Font defs for Latin Modern
)
LaTeX Font Info:    ... okay on input line 119.
LaTeX Font Info:    Checking defaults for OT1/cmr/m/n on input line 119.
LaTeX Font Info:    ... okay on input line 119.
LaTeX Font Info:    Checking defaults for OMS/cmsy/m/n on input line 119.
LaTeX Font Info:    ... okay on input line 119.
LaTeX Font Info:    Checking defaults for OMX/cmex/m/n on input line 119.
LaTeX Font Info:    ... okay on input line 119.
LaTeX Font Info:    Checking defaults for U/cmr/m/n on input line 119.
LaTeX Font Info:    ... okay on input line 119.
LaTeX Info: Redefining \dots on input line 119.

latex2htmlLength hsize=349.0pt

latex2htmlLength vsize=682.0pt

latex2htmlLength hoffset=0.0pt

latex2htmlLength voffset=0.0pt

latex2htmlLength topmargin=0.0pt

latex2htmlLength topskip=0.00003pt

latex2htmlLength headheight=0.0pt

latex2htmlLength headsep=0.0pt

latex2htmlLength parskip=0.0pt plus 1.0pt

latex2htmlLength oddsidemargin=53.0pt

latex2htmlLength evensidemargin=53.0pt

LaTeX Font Info:    Try loading font information for U+msa on input line 143.
(/usr/local/teTeX/share/texmf.tetex/tex/latex/amsfonts/umsa.fd
File: umsa.fd 2002/01/19 v2.2g AMS font definitions
)
LaTeX Font Info:    Try loading font information for U+msb on input line 143.
(/usr/local/teTeX/share/texmf.tetex/tex/latex/amsfonts/umsb.fd
File: umsb.fd 2002/01/19 v2.2g AMS font definitions
)
l2hSize :tex2html_wrap_inline61:8.0pt::8.0pt::73.52997pt.
[1



]
l2hSize :displaymath63:14.5pt::0.0pt::349.0pt.
[2


]
l2hSize :displaymath65:14.5pt::0.0pt::349.0pt.
[3


]
l2hSize :tex2html_wrap_inline67:8.0pt::8.0pt::23.53896pt.
[4


]
l2hSize :tex2html_wrap_inline69:7.33331pt::7.33331pt::11.21126pt.
[5


]
l2hSize :tex2html_wrap_inline73:8.0pt::8.0pt::43.42708pt.
[6


]
l2hSize :tex2html_wrap_inline75:6.59525pt::0.0pt::3.94516pt.
[7


]
l2hSize :tex2html_wrap_inline77:6.95831pt::6.95831pt::23.72453pt.
[8


]
l2hSize :tex2html_wrap_inline81:8.0pt::8.0pt::83.13257pt.
[9


]
l2hSize :displaymath83:38.19998pt::0.0pt::349.0pt.
[10


]
l2hSize :tex2html_wrap_inline85:7.33331pt::7.33331pt::51.09312pt.
[11


]
l2hSize :tex2html_wrap_inline89:7.33331pt::7.33331pt::55.18048pt.
[12


]
l2hSize :tex2html_wrap_inline91:9.4097pt::9.4097pt::81.07648pt.
[13


]
l2hSize :tex2html_wrap_inline95:7.33331pt::7.33331pt::9.40282pt.
[14


]
l2hSize :tex2html_wrap_inline97:7.44444pt::7.44444pt::42.15263pt.
[15


]
l2hSize :tex2html_wrap_inline99:6.83331pt::0.0pt::8.45834pt.
[16


]
l2hSize :tex2html_wrap_inline101:6.94444pt::0.0pt::3.6806pt.
[17


]
l2hSize :tex2html_wrap_inline109:7.33331pt::7.33331pt::40.41661pt.
[18


]
l2hSize :displaymath111:134.19998pt::0.0pt::349.0pt.
[19


]
l2hSize :tex2html_wrap_inline115:6.83331pt::0.0pt::8.55559pt.
[20


]
l2hSize :tex2html_wrap_inline123:6.83331pt::0.0pt::7.3056pt.
[21


]
l2hSize :tex2html_wrap_inline131:7.33331pt::7.33331pt::60.97202pt.
[22


]
l2hSize :tex2html_wrap_inline133:6.83331pt::0.0pt::14.53825pt.
[23


]
l2hSize :tex2html_wrap_inline139:8.0pt::8.0pt::22.18573pt.
[24


]
l2hSize :tex2html_wrap_inline141:7.33331pt::7.33331pt::10.24945pt.
[25


]
l2hSize :tex2html_wrap_inline143:6.94444pt::0.0pt::6.02087pt.
[26


]
l2hSize :tex2html_wrap_inline145:7.33331pt::7.33331pt::12.80214pt.
[27


]
l2hSize :tex2html_wrap_inline153:6.83331pt::0.0pt::8.30907pt.
[28


] (./images.aux) ) 
Here is how much of TeX's memory you used:
 3391 strings out of 94413
 46464 string characters out of 1172342
 2113713 words of memory out of 4565277
 6580 multiletter control sequences out of 10000+50000
 6266 words of font info for 25 fonts, out of 2000000 for 2000
 582 hyphenation exceptions out of 5000
 32i,7n,59p,228b,221s stack positions out of 5000i,500n,6000p,200000b,40000s

Output written on images.dvi (28 pages, 10300 bytes).
