This is pdfeTeX, Version 3.141592-1.30.4-2.2 (Web2C 7.5.5) (format=latex 2006.11.9)  18 SEP 2012 14:41
entering extended mode
**td_karatsubadv
(/usr/local/teTeX/share/texmf.local/tex/latex/tools/q.tex
LaTeX2e <2005/12/01>
Babel <v3.8d> and hyphenation patterns for american, french, german, ngerman, b
ahasa, basque, bulgarian, catalan, croatian, czech, danish, dutch, esperanto, e
stonian, finnish, greek, icelandic, irish, italian, latin, magyar, norsk, polis
h, portuges, romanian, russian, serbian, slovak, slovene, spanish, swedish, tur
kish, ukrainian, nohyphenation, loaded.
File ignored
)
! Emergency stop.
<*> td_karatsubadv
                  
*** (job aborted, no legal \end found)

 
Here is how much of TeX's memory you used:
 7 strings out of 94413
 264 string characters out of 1172342
 2048436 words of memory out of 4500000
 3326 multiletter control sequences out of 10000+50000
 3640 words of font info for 14 fonts, out of 2000000 for 2000
 582 hyphenation exceptions out of 5000
 5i,0n,1p,99b,8s stack positions out of 5000i,500n,6000p,200000b,40000s
No pages of output.
